cp: cannot create regular file '/home1/09123/ofriend/results/moshiGO_240/moshiGO_240_run-2_pca12_varExpl_MNI_nn_dilated_brain_mask.nii.gz': Disk quota exceeded
cp: cannot create regular file '/home1/09123/ofriend/results/moshiGO_240/moshiGO_240_run-4_MASK_cluster-4.nii.gz': Disk quota exceeded
cp: cannot create regular file '/home1/09123/ofriend/results/moshiGO_240/moshiGO_240_run-6_pca12_varExpl_MNI_nn_dilated.nii.gz': Disk quota exceeded
cp: cannot create regular file '/home1/09123/ofriend/results/moshiGO_240/moshiGO_240_run-2_MASK_cluster-3.nii.gz': Disk quota exceeded
cp: cannot create regular file '/home1/09123/ofriend/results/moshiGO_240/moshiGO_240_run-6_MASK_cluster-1.nii.gz': Disk quota exceeded
cp: cannot create regular file '/home1/09123/ofriend/results/group_Adults:run6_chunk1_1minuspmap_6rfactor_acc.npy': Disk quota exceeded
cp: cannot create regular file '/home1/09123/ofriend/results/group_10-12yo:run6_1minuspmap_FULL_6rfactor_acc.nii.gz': Disk quota exceeded
cp: cannot create directory '/home1/09123/ofriend/results/moshiGO_329': Disk quota exceeded
cp: cannot create directory '/home1/09123/ofriend/results/moshiGO_284': Disk quota exceeded
cp: cannot create directory '/home1/09123/ofriend/results/moshiGO_294': Disk quota exceeded
cp: cannot create regular file '/home1/09123/ofriend/results/group_run_slope_1minuspmap_FULL_6r_cont_final.nii.gz': Disk quota exceeded
cp: cannot create regular file '/home1/09123/ofriend/results/r_hip_ho_mask.nii.gz': Disk quota exceeded
cp: cannot create regular file '/home1/09123/ofriend/results/group_10-12yo:run6_chunk0_1minuspmap_6rfactor_acc.npy': Disk quota exceeded
cp: cannot create directory '/home1/09123/ofriend/results/moshiGO_308': Disk quota exceeded
cp: cannot create regular file '/home1/09123/ofriend/results/group_Adults_by_run_chunk0_1minuspmap_6r_cont_final.npy': Disk quota exceeded
cp: cannot create regular file '/home1/09123/ofriend/results/group_run6_main_chunk0_1minuspmap_6rfactor_acc.npy': Disk quota exceeded
cp: cannot create directory '/home1/09123/ofriend/results/moshiGO_247': Disk quota exceeded
cp: cannot create directory '/home1/09123/ofriend/results/moshiGO_336': Disk quota exceeded
cp: cannot create regular file '/home1/09123/ofriend/results/group_75_mask.nii.gz': Disk quota exceeded
cp: cannot create regular file '/home1/09123/ofriend/results/group_10-12yo_main_chunk1_1minuspmap_cont_3r_final.npy': Disk quota exceeded
cp: cannot create directory '/home1/09123/ofriend/results/moshiGO_238': Disk quota exceeded
cp: cannot create directory '/home1/09123/ofriend/results/moshiGO_316': Disk quota exceeded
cp: cannot create regular file '/home1/09123/ofriend/results/group_run_slope_chunk2_1minuspmap_6r_cont_final.npy': Disk quota exceeded
cp: cannot create directory '/home1/09123/ofriend/results/moshiGO_249': Disk quota exceeded
cp: cannot create regular file '/home1/09123/ofriend/results/group_10-12yo:run6_chunk2_1minuspmap_6rfactor_acc.npy': Disk quota exceeded
cp: cannot create regular file '/home1/09123/ofriend/results/over143map.nii.gz': Disk quota exceeded
cp: cannot create regular file '/home1/09123/ofriend/results/group_Adults_by_run_chunk1_1minuspmap_6r_cont_final.npy': Disk quota exceeded
cp: cannot create directory '/home1/09123/ofriend/results/moshiGO_235': Disk quota exceeded
cp: cannot create directory '/home1/09123/ofriend/results/moshiGO_229': Disk quota exceeded
cp: cannot create directory '/home1/09123/ofriend/results/moshiGO_322': Disk quota exceeded
cp: cannot create directory '/home1/09123/ofriend/results/moshiGO_306': Disk quota exceeded
cp: cannot create regular file '/home1/09123/ofriend/results/hip_13_mask.nii.gz': Disk quota exceeded
cp: cannot create regular file '/home1/09123/ofriend/results/group_Adults_by_run_chunk2_1minuspmap_cont_3r_final.npy': Disk quota exceeded
cp: cannot create regular file '/home1/09123/ofriend/results/group_10-12yo_main_chunk3_1minuspmap_6rfactor_acc.npy': Disk quota exceeded
cp: cannot create directory '/home1/09123/ofriend/results/moshiGO_259': Disk quota exceeded
cp: cannot create directory '/home1/09123/ofriend/results/moshiGO_262': Disk quota exceeded
cp: cannot create directory '/home1/09123/ofriend/results/moshiGO_345': Disk quota exceeded
cp: cannot create regular file '/home1/09123/ofriend/results/hip_cluster_test.nii.gz': Disk quota exceeded
cp: cannot create directory '/home1/09123/ofriend/results/moshiGO_231': Disk quota exceeded
cp: cannot create regular file '/home1/09123/ofriend/results/group_run6_main_chunk2_1minuspmap_6rfactor_acc.npy': Disk quota exceeded
cp: cannot create directory '/home1/09123/ofriend/results/old': Disk quota exceeded
cp: cannot create directory '/home1/09123/ofriend/results/moshiGO_281': Disk quota exceeded
cp: cannot create regular file '/home1/09123/ofriend/results/MNI152_T1_1mm_brain.nii.gz': Disk quota exceeded
cp: cannot create regular file '/home1/09123/ofriend/results/group_10-12yo_main_1minuspmap_FULL_cont_3r_final.nii.gz': Disk quota exceeded
cp: cannot create directory '/home1/09123/ofriend/results/moshiGO_250': Disk quota exceeded
cp: cannot create directory '/home1/09123/ofriend/results/moshiGO_291': Disk quota exceeded
cp: cannot create directory '/home1/09123/ofriend/results/r1_6r_cont': Disk quota exceeded
cp: cannot create regular file '/home1/09123/ofriend/results/group_Adults_main_chunk3_1minuspmap_6r_cont_final.npy': Disk quota exceeded
cp: cannot create regular file '/home1/09123/ofriend/results/group_10-12yo_by_run_chunk0_1minuspmap_cont_3r_final.npy': Disk quota exceeded
cp: cannot create directory '/home1/09123/ofriend/results/moshiGO_241': Disk quota exceeded
cp: cannot create regular file '/home1/09123/ofriend/results/group_Adults_main_1minuspmap_FULL_6rfactor_acc.nii.gz': Disk quota exceeded
cp: cannot create regular file '/home1/09123/ofriend/results/all_bin.nii.gz': Disk quota exceeded
cp: cannot create regular file '/home1/09123/ofriend/results/group_10-12yo_main_chunk2_1minuspmap_6rfactor.npy': Disk quota exceeded
cp: cannot create regular file '/home1/09123/ofriend/results/group_run_slope_chunk3_1minuspmap_6r_cont_final.npy': Disk quota exceeded
cp: cannot create regular file '/home1/09123/ofriend/results/group_Adults_main_chunk1_1minuspmap_6rfactor.npy': Disk quota exceeded
cp: cannot create regular file '/home1/09123/ofriend/results/group_Adults_main_chunk3_1minuspmap_6rfactor.npy': Disk quota exceeded
cp: cannot create directory '/home1/09123/ofriend/results/moshiGO_266': Disk quota exceeded
cp: cannot create regular file '/home1/09123/ofriend/results/group_10-12yo_by_run_1minuspmap_FULL_cont_3r_final.nii.gz': Disk quota exceeded
cp: cannot create regular file '/home1/09123/ofriend/results/group_10-12yo:run6_chunk3_1minuspmap_6rfactor_acc.npy': Disk quota exceeded
cp: cannot create regular file '/home1/09123/ofriend/results/group_Adults_by_run_chunk2_1minuspmap_6r_cont_final.npy': Disk quota exceeded
cp: cannot create regular file '/home1/09123/ofriend/results/group_10-12yo_by_run_chunk2_1minuspmap_6r_cont_final.npy': Disk quota exceeded
cp: cannot create directory '/home1/09123/ofriend/results/moshiGO_333': Disk quota exceeded
cp: cannot create regular file '/home1/09123/ofriend/results/group_10-12yo_main_chunk1_1minuspmap_6r_cont_final.npy': Disk quota exceeded
cp: cannot create regular file '/home1/09123/ofriend/results/group_Adults_main_chunk3_1minuspmap_cont_3r_final.npy': Disk quota exceeded
cp: cannot create regular file '/home1/09123/ofriend/results/group_run_slope_chunk1_1minuspmap_6r_cont_final.npy': Disk quota exceeded
cp: cannot create regular file '/home1/09123/ofriend/results/group_Adults:run6_chunk2_1minuspmap_6rfactor_acc.npy': Disk quota exceeded
cp: cannot create regular file '/home1/09123/ofriend/results/group_Adults_main_chunk0_1minuspmap_cont_3r_final.npy': Disk quota exceeded
cp: cannot create regular file '/home1/09123/ofriend/results/group_Adults_main_chunk1_1minuspmap_6r_cont_final.npy': Disk quota exceeded
cp: cannot create directory '/home1/09123/ofriend/results/moshiGO_203': Disk quota exceeded
cp: cannot create directory '/home1/09123/ofriend/results/moshiGO_208': Disk quota exceeded
cp: cannot create directory '/home1/09123/ofriend/results/moshiGO_277': Disk quota exceeded
cp: cannot create regular file '/home1/09123/ofriend/results/group_Adults_main_1minuspmap_FULL_6rfactor.nii.gz': Disk quota exceeded
cp: cannot create directory '/home1/09123/ofriend/results/moshiGO_223': Disk quota exceeded
cp: cannot create directory '/home1/09123/ofriend/results/grp_mask': Disk quota exceeded
cp: cannot create regular file '/home1/09123/ofriend/results/group_Adults:run6_chunk3_1minuspmap_6rfactor.npy': Disk quota exceeded
cp: cannot create directory '/home1/09123/ofriend/results/moshiGO_232': Disk quota exceeded
cp: cannot create regular file '/home1/09123/ofriend/results/group_run6_main_chunk3_1minuspmap_6rfactor_acc.npy': Disk quota exceeded
cp: cannot create directory '/home1/09123/ofriend/results/moshiGO_327': Disk quota exceeded
cp: cannot create regular file '/home1/09123/ofriend/results/b_hip_func.nii.gz': Disk quota exceeded
cp: cannot create regular file '/home1/09123/ofriend/results/corrected_clust.nii.gz': Disk quota exceeded
cp: cannot create regular file '/home1/09123/ofriend/results/over143_6rcont.nii.gz': Disk quota exceeded
cp: cannot create regular file '/home1/09123/ofriend/results/b_hip_ho_mask.nii.gz': Disk quota exceeded
cp: cannot create directory '/home1/09123/ofriend/results/moshiGO_222': Disk quota exceeded
cp: cannot create directory '/home1/09123/ofriend/results/wb_old': Disk quota exceeded
cp: cannot create directory '/home1/09123/ofriend/results/moshiGO_260': Disk quota exceeded
cp: cannot create directory '/home1/09123/ofriend/results/moshiGO_321': Disk quota exceeded
cp: cannot create directory '/home1/09123/ofriend/results/moshiGO_212': Disk quota exceeded
cp: cannot create directory '/home1/09123/ofriend/results/moshiGO_226': Disk quota exceeded
cp: cannot create regular file '/home1/09123/ofriend/results/group_run6_main_chunk3_1minuspmap_6rfactor.npy': Disk quota exceeded
cp: cannot create directory '/home1/09123/ofriend/results/moshiGO_289': Disk quota exceeded
cp: cannot create regular file '/home1/09123/ofriend/results/ifg_mask.nii.gz': Disk quota exceeded
cp: cannot create regular file '/home1/09123/ofriend/results/group_Adults_by_run_chunk0_1minuspmap_cont_3r_final.npy': Disk quota exceeded
cp: cannot create regular file '/home1/09123/ofriend/results/group_Adults_main_chunk2_1minuspmap_cont_3r_final.npy': Disk quota exceeded
cp: cannot create directory '/home1/09123/ofriend/results/moshiGO_285': Disk quota exceeded
cp: cannot create directory '/home1/09123/ofriend/results/moshiGO_312': Disk quota exceeded
cp: cannot create directory '/home1/09123/ofriend/results/moshiGO_253': Disk quota exceeded
cp: cannot create regular file '/home1/09123/ofriend/results/group_Adults_main_chunk0_1minuspmap_6r_cont_final.npy': Disk quota exceeded
cp: cannot create regular file '/home1/09123/ofriend/results/group_10-12yo_by_run_chunk3_1minuspmap_6r_cont_final.npy': Disk quota exceeded
cp: cannot create regular file '/home1/09123/ofriend/results/group_10-12yo_main_chunk1_1minuspmap_6rfactor_acc.npy': Disk quota exceeded
cp: cannot create regular file '/home1/09123/ofriend/results/group_10-12yo_by_run_chunk1_1minuspmap_cont_3r_final.npy': Disk quota exceeded
cp: cannot create directory '/home1/09123/ofriend/results/moshiGO_304': Disk quota exceeded
cp: cannot create directory '/home1/09123/ofriend/results/moshiGO_258': Disk quota exceeded
cp: cannot create regular file '/home1/09123/ofriend/results/MNI152_T1_2mm_brain.nii.gz': Disk quota exceeded
cp: cannot create regular file '/home1/09123/ofriend/results/group_Adults_by_run_1minuspmap_FULL_6r_cont_final.nii.gz': Disk quota exceeded
cp: cannot create regular file '/home1/09123/ofriend/results/group_Adults_by_run_1minuspmap_FULL_cont_3r_final.nii.gz': Disk quota exceeded
cp: cannot create regular file '/home1/09123/ofriend/results/hip_7_mask.nii.gz': Disk quota exceeded
cp: cannot create regular file '/home1/09123/ofriend/results/group_Adults:run6_1minuspmap_FULL_6rfactor.nii.gz': Disk quota exceeded
cp: cannot create regular file '/home1/09123/ofriend/results/group_10-12yo_main_chunk3_1minuspmap_cont_3r_final.npy': Disk quota exceeded
cp: cannot create regular file '/home1/09123/ofriend/results/group_10-12yo:run6_1minuspmap_FULL_6rfactor.nii.gz': Disk quota exceeded
cp: cannot create regular file '/home1/09123/ofriend/results/group_run_slope_chunk3_1minuspmap_cont_3r_final.npy': Disk quota exceeded
cp: cannot create regular file '/home1/09123/ofriend/results/over143map_new.nii.gz': Disk quota exceeded
cp: cannot create directory '/home1/09123/ofriend/results/moshiGO_305': Disk quota exceeded
cp: cannot create regular file '/home1/09123/ofriend/results/b_hip.nii.gz': Disk quota exceeded
cp: cannot create directory '/home1/09123/ofriend/results/moshiGO_293': Disk quota exceeded
cp: cannot create directory '/home1/09123/ofriend/results/moshiGO_251': Disk quota exceeded
cp: cannot create regular file '/home1/09123/ofriend/results/group_run_slope_chunk2_1minuspmap_cont_3r_final.npy': Disk quota exceeded
cp: cannot create regular file '/home1/09123/ofriend/results/test_re_transform.nii.gz': Disk quota exceeded
cp: cannot create regular file '/home1/09123/ofriend/results/group_10-12yo_by_run_chunk3_1minuspmap_cont_3r_final.npy': Disk quota exceeded
cp: cannot create regular file '/home1/09123/ofriend/results/group_10-12yo_by_run_1minuspmap_FULL_6r_cont_final.nii.gz': Disk quota exceeded
cp: cannot create regular file '/home1/09123/ofriend/results/group_run6_main_chunk1_1minuspmap_6rfactor_acc.npy': Disk quota exceeded
cp: cannot create directory '/home1/09123/ofriend/results/moshiGO_339': Disk quota exceeded
cp: cannot create directory '/home1/09123/ofriend/results/moshiGO_239': Disk quota exceeded
cp: cannot create directory '/home1/09123/ofriend/results/moshiGO_273': Disk quota exceeded
cp: cannot create regular file '/home1/09123/ofriend/results/thresh_hip_7.nii.gz': Disk quota exceeded
cp: cannot create directory '/home1/09123/ofriend/results/moshiGO_213': Disk quota exceeded
cp: cannot create regular file '/home1/09123/ofriend/results/group_10-12yo_main_chunk2_1minuspmap_cont_3r_final.npy': Disk quota exceeded
cp: cannot create regular file '/home1/09123/ofriend/results/group_run6_main_chunk0_1minuspmap_6rfactor.npy': Disk quota exceeded
cp: cannot create directory '/home1/09123/ofriend/results/moshiGO_278': Disk quota exceeded
